<?xml version="1.0" encoding="UTF-8"?>
<testsuite xmlns:xsi="http://www.w3.org/2001/XMLSchema-instance" xsi:noNamespaceSchemaLocation="https://maven.apache.org/surefire/maven-surefire-plugin/xsd/surefire-test-report.xsd" name="SettingControllerTest" time="0.019" tests="1" errors="0" skipped="0" failures="0">
  <properties>
    <property name="java.specification.version" value="17"/>
    <property name="sun.cpu.isalist" value="amd64"/>
    <property name="sun.jnu.encoding" value="Cp1252"/>
    <property name="java.class.path" value="D:\Projects\collector\target\test-classes;D:\Projects\collector\target\classes;D:\repository\com\paulhammant\ngwebdriver\1.1.6\ngwebdriver-1.1.6.jar;D:\repository\org\xerial\sqlite-jdbc\3.36.0.3\sqlite-jdbc-3.36.0.3.jar;D:\repository\org\springframework\spring-core\5.3.20\spring-core-5.3.20.jar;D:\repository\org\springframework\spring-jcl\5.3.20\spring-jcl-5.3.20.jar;D:\repository\org\springframework\spring-context\5.3.20\spring-context-5.3.20.jar;D:\repository\org\springframework\spring-aop\5.3.20\spring-aop-5.3.20.jar;D:\repository\org\springframework\spring-beans\5.3.20\spring-beans-5.3.20.jar;D:\repository\org\springframework\spring-expression\5.3.20\spring-expression-5.3.20.jar;D:\repository\org\slf4j\slf4j-api\1.7.36\slf4j-api-1.7.36.jar;D:\repository\org\slf4j\slf4j-reload4j\1.7.36\slf4j-reload4j-1.7.36.jar;D:\repository\ch\qos\reload4j\reload4j\1.2.19\reload4j-1.2.19.jar;D:\repository\org\seleniumhq\selenium\selenium-java\4.2.1\selenium-java-4.2.1.jar;D:\repository\org\seleniumhq\selenium\selenium-devtools-v100\4.2.1\selenium-devtools-v100-4.2.1.jar;D:\repository\org\seleniumhq\selenium\selenium-devtools-v101\4.2.1\selenium-devtools-v101-4.2.1.jar;D:\repository\org\seleniumhq\selenium\selenium-devtools-v102\4.2.1\selenium-devtools-v102-4.2.1.jar;D:\repository\org\seleniumhq\selenium\selenium-devtools-v85\4.2.1\selenium-devtools-v85-4.2.1.jar;D:\repository\org\seleniumhq\selenium\selenium-edge-driver\4.2.1\selenium-edge-driver-4.2.1.jar;D:\repository\org\seleniumhq\selenium\selenium-ie-driver\4.2.1\selenium-ie-driver-4.2.1.jar;D:\repository\org\seleniumhq\selenium\selenium-opera-driver\4.2.1\selenium-opera-driver-4.2.1.jar;D:\repository\org\seleniumhq\selenium\selenium-remote-driver\4.2.1\selenium-remote-driver-4.2.1.jar;D:\repository\com\beust\jcommander\1.82\jcommander-1.82.jar;D:\repository\io\netty\netty-buffer\4.1.77.Final\netty-buffer-4.1.77.Final.jar;D:\repository\io\netty\netty-codec-http\4.1.77.Final\netty-codec-http-4.1.77.Final.jar;D:\repository\io\netty\netty-codec\4.1.77.Final\netty-codec-4.1.77.Final.jar;D:\repository\io\netty\netty-handler\4.1.77.Final\netty-handler-4.1.77.Final.jar;D:\repository\io\netty\netty-common\4.1.77.Final\netty-common-4.1.77.Final.jar;D:\repository\io\netty\netty-transport-classes-epoll\4.1.77.Final\netty-transport-classes-epoll-4.1.77.Final.jar;D:\repository\io\netty\netty-transport-classes-kqueue\4.1.77.Final\netty-transport-classes-kqueue-4.1.77.Final.jar;D:\repository\io\netty\netty-transport-native-epoll\4.1.77.Final\netty-transport-native-epoll-4.1.77.Final.jar;D:\repository\io\netty\netty-transport-native-kqueue\4.1.77.Final\netty-transport-native-kqueue-4.1.77.Final.jar;D:\repository\io\netty\netty-transport-native-unix-common\4.1.77.Final\netty-transport-native-unix-common-4.1.77.Final.jar;D:\repository\io\netty\netty-transport\4.1.77.Final\netty-transport-4.1.77.Final.jar;D:\repository\io\netty\netty-resolver\4.1.77.Final\netty-resolver-4.1.77.Final.jar;D:\repository\io\opentelemetry\opentelemetry-api\1.14.0\opentelemetry-api-1.14.0.jar;D:\repository\io\opentelemetry\opentelemetry-context\1.14.0\opentelemetry-context-1.14.0.jar;D:\repository\io\opentelemetry\opentelemetry-exporter-logging\1.14.0\opentelemetry-exporter-logging-1.14.0.jar;D:\repository\io\opentelemetry\opentelemetry-sdk-metrics\1.14.0\opentelemetry-sdk-metrics-1.14.0.jar;D:\repository\io\opentelemetry\opentelemetry-sdk-logs\1.14.0-alpha\opentelemetry-sdk-logs-1.14.0-alpha.jar;D:\repository\io\opentelemetry\opentelemetry-sdk-common\1.14.0\opentelemetry-sdk-common-1.14.0.jar;D:\repository\io\opentelemetry\opentelemetry-sdk-extension-autoconfigure-spi\1.14.0\opentelemetry-sdk-extension-autoconfigure-spi-1.14.0.jar;D:\repository\io\opentelemetry\opentelemetry-sdk-extension-autoconfigure\1.14.0-alpha\opentelemetry-sdk-extension-autoconfigure-1.14.0-alpha.jar;D:\repository\io\opentelemetry\opentelemetry-sdk-trace\1.14.0\opentelemetry-sdk-trace-1.14.0.jar;D:\repository\io\opentelemetry\opentelemetry-sdk\1.14.0\opentelemetry-sdk-1.14.0.jar;D:\repository\io\opentelemetry\opentelemetry-semconv\1.14.0-alpha\opentelemetry-semconv-1.14.0-alpha.jar;D:\repository\io\ous\jtoml\2.0.0\jtoml-2.0.0.jar;D:\repository\net\bytebuddy\byte-buddy\1.12.10\byte-buddy-1.12.10.jar;D:\repository\org\apache\commons\commons-exec\1.3\commons-exec-1.3.jar;D:\repository\org\asynchttpclient\async-http-client\2.12.3\async-http-client-2.12.3.jar;D:\repository\org\asynchttpclient\async-http-client-netty-utils\2.12.3\async-http-client-netty-utils-2.12.3.jar;D:\repository\io\netty\netty-codec-socks\4.1.60.Final\netty-codec-socks-4.1.60.Final.jar;D:\repository\io\netty\netty-handler-proxy\4.1.60.Final\netty-handler-proxy-4.1.60.Final.jar;D:\repository\io\netty\netty-transport-native-epoll\4.1.60.Final\netty-transport-native-epoll-4.1.60.Final-linux-x86_64.jar;D:\repository\io\netty\netty-transport-native-kqueue\4.1.60.Final\netty-transport-native-kqueue-4.1.60.Final-osx-x86_64.jar;D:\repository\org\reactivestreams\reactive-streams\1.0.3\reactive-streams-1.0.3.jar;D:\repository\com\typesafe\netty\netty-reactive-streams\2.0.4\netty-reactive-streams-2.0.4.jar;D:\repository\com\sun\activation\jakarta.activation\1.2.2\jakarta.activation-1.2.2.jar;D:\repository\org\seleniumhq\selenium\selenium-http\4.2.1\selenium-http-4.2.1.jar;D:\repository\dev\failsafe\failsafe\3.2.4\failsafe-3.2.4.jar;D:\repository\org\seleniumhq\selenium\selenium-safari-driver\4.2.1\selenium-safari-driver-4.2.1.jar;D:\repository\org\seleniumhq\selenium\selenium-support\4.2.1\selenium-support-4.2.1.jar;D:\repository\org\seleniumhq\selenium\selenium-api\4.2.1\selenium-api-4.2.1.jar;D:\repository\org\seleniumhq\selenium\selenium-firefox-driver\4.2.1\selenium-firefox-driver-4.2.1.jar;D:\repository\com\google\auto\service\auto-service-annotations\1.0.1\auto-service-annotations-1.0.1.jar;D:\repository\com\google\auto\service\auto-service\1.0.1\auto-service-1.0.1.jar;D:\repository\com\google\auto\auto-common\1.2\auto-common-1.2.jar;D:\repository\com\google\guava\guava\31.1-jre\guava-31.1-jre.jar;D:\repository\com\google\guava\failureaccess\1.0.1\failureaccess-1.0.1.jar;D:\repository\com\google\guava\listenablefuture\9999.0-empty-to-avoid-conflict-with-guava\listenablefuture-9999.0-empty-to-avoid-conflict-with-guava.jar;D:\repository\com\google\code\findbugs\jsr305\3.0.2\jsr305-3.0.2.jar;D:\repository\org\checkerframework\checker-qual\3.12.0\checker-qual-3.12.0.jar;D:\repository\com\google\errorprone\error_prone_annotations\2.11.0\error_prone_annotations-2.11.0.jar;D:\repository\com\google\j2objc\j2objc-annotations\1.3\j2objc-annotations-1.3.jar;D:\repository\org\seleniumhq\selenium\selenium-json\4.2.1\selenium-json-4.2.1.jar;D:\repository\org\seleniumhq\selenium\selenium-chrome-driver\4.2.1\selenium-chrome-driver-4.2.1.jar;D:\repository\org\seleniumhq\selenium\selenium-chromium-driver\4.2.1\selenium-chromium-driver-4.2.1.jar;D:\repository\com\google\code\gson\gson\2.9.0\gson-2.9.0.jar;D:\repository\javax\xml\bind\jaxb-api\2.4.0-b180830.0359\jaxb-api-2.4.0-b180830.0359.jar;D:\repository\javax\activation\javax.activation-api\1.2.0\javax.activation-api-1.2.0.jar;D:\repository\org\apache\httpcomponents\httpcore\4.4.15\httpcore-4.4.15.jar;D:\repository\commons-codec\commons-codec\1.15\commons-codec-1.15.jar;D:\repository\org\apache\httpcomponents\httpclient\4.5.13\httpclient-4.5.13.jar;D:\repository\commons-logging\commons-logging\1.2\commons-logging-1.2.jar;D:\repository\com\objectdb\objectdb\2.8.7\objectdb-2.8.7.jar;D:\repository\org\eclipse\persistence\javax.persistence\2.2.1\javax.persistence-2.2.1.jar;D:\repository\javax\transaction\jta\1.1\jta-1.1.jar;D:\repository\com\mpatric\mp3agic\0.9.1\mp3agic-0.9.1.jar;D:\repository\com\github\houbb\opencc4j\1.7.2\opencc4j-1.7.2.jar;D:\repository\com\github\houbb\heaven\0.1.154\heaven-0.1.154.jar;D:\repository\org\apiguardian\apiguardian-api\1.0.0\apiguardian-api-1.0.0.jar;D:\repository\com\github\houbb\nlp-common\0.0.4\nlp-common-0.0.4.jar;D:\repository\org\junit\jupiter\junit-jupiter\5.8.2\junit-jupiter-5.8.2.jar;D:\repository\org\junit\jupiter\junit-jupiter-api\5.8.2\junit-jupiter-api-5.8.2.jar;D:\repository\org\opentest4j\opentest4j\1.2.0\opentest4j-1.2.0.jar;D:\repository\org\junit\platform\junit-platform-commons\1.8.2\junit-platform-commons-1.8.2.jar;D:\repository\org\junit\jupiter\junit-jupiter-params\5.8.2\junit-jupiter-params-5.8.2.jar;D:\repository\org\junit\jupiter\junit-jupiter-engine\5.8.2\junit-jupiter-engine-5.8.2.jar;D:\repository\org\junit\platform\junit-platform-engine\1.8.2\junit-platform-engine-1.8.2.jar;"/>
    <property name="java.vm.vendor" value="Oracle Corporation"/>
    <property name="sun.arch.data.model" value="64"/>
    <property name="user.variant" value=""/>
    <property name="java.vendor.url" value="https://java.oracle.com/"/>
    <property name="user.timezone" value="Europe/Berlin"/>
    <property name="os.name" value="Windows 10"/>
    <property name="java.vm.specification.version" value="17"/>
    <property name="sun.java.launcher" value="SUN_STANDARD"/>
    <property name="user.country" value="DE"/>
    <property name="sun.boot.library.path" value="C:\Program Files\jdk-17.0.1\bin"/>
    <property name="sun.java.command" value="C:\Users\uih9fe\AppData\Local\Temp\surefire5817651877621702659\surefirebooter9197671481451222306.jar C:\Users\uih9fe\AppData\Local\Temp\surefire5817651877621702659 2022-07-20T10-19-43_587-jvmRun1 surefire2816007804352311212tmp surefire_016070726902784962195tmp"/>
    <property name="jdk.debug" value="release"/>
    <property name="surefire.test.class.path" value="D:\Projects\collector\target\test-classes;D:\Projects\collector\target\classes;D:\repository\com\paulhammant\ngwebdriver\1.1.6\ngwebdriver-1.1.6.jar;D:\repository\org\xerial\sqlite-jdbc\3.36.0.3\sqlite-jdbc-3.36.0.3.jar;D:\repository\org\springframework\spring-core\5.3.20\spring-core-5.3.20.jar;D:\repository\org\springframework\spring-jcl\5.3.20\spring-jcl-5.3.20.jar;D:\repository\org\springframework\spring-context\5.3.20\spring-context-5.3.20.jar;D:\repository\org\springframework\spring-aop\5.3.20\spring-aop-5.3.20.jar;D:\repository\org\springframework\spring-beans\5.3.20\spring-beans-5.3.20.jar;D:\repository\org\springframework\spring-expression\5.3.20\spring-expression-5.3.20.jar;D:\repository\org\slf4j\slf4j-api\1.7.36\slf4j-api-1.7.36.jar;D:\repository\org\slf4j\slf4j-reload4j\1.7.36\slf4j-reload4j-1.7.36.jar;D:\repository\ch\qos\reload4j\reload4j\1.2.19\reload4j-1.2.19.jar;D:\repository\org\seleniumhq\selenium\selenium-java\4.2.1\selenium-java-4.2.1.jar;D:\repository\org\seleniumhq\selenium\selenium-devtools-v100\4.2.1\selenium-devtools-v100-4.2.1.jar;D:\repository\org\seleniumhq\selenium\selenium-devtools-v101\4.2.1\selenium-devtools-v101-4.2.1.jar;D:\repository\org\seleniumhq\selenium\selenium-devtools-v102\4.2.1\selenium-devtools-v102-4.2.1.jar;D:\repository\org\seleniumhq\selenium\selenium-devtools-v85\4.2.1\selenium-devtools-v85-4.2.1.jar;D:\repository\org\seleniumhq\selenium\selenium-edge-driver\4.2.1\selenium-edge-driver-4.2.1.jar;D:\repository\org\seleniumhq\selenium\selenium-ie-driver\4.2.1\selenium-ie-driver-4.2.1.jar;D:\repository\org\seleniumhq\selenium\selenium-opera-driver\4.2.1\selenium-opera-driver-4.2.1.jar;D:\repository\org\seleniumhq\selenium\selenium-remote-driver\4.2.1\selenium-remote-driver-4.2.1.jar;D:\repository\com\beust\jcommander\1.82\jcommander-1.82.jar;D:\repository\io\netty\netty-buffer\4.1.77.Final\netty-buffer-4.1.77.Final.jar;D:\repository\io\netty\netty-codec-http\4.1.77.Final\netty-codec-http-4.1.77.Final.jar;D:\repository\io\netty\netty-codec\4.1.77.Final\netty-codec-4.1.77.Final.jar;D:\repository\io\netty\netty-handler\4.1.77.Final\netty-handler-4.1.77.Final.jar;D:\repository\io\netty\netty-common\4.1.77.Final\netty-common-4.1.77.Final.jar;D:\repository\io\netty\netty-transport-classes-epoll\4.1.77.Final\netty-transport-classes-epoll-4.1.77.Final.jar;D:\repository\io\netty\netty-transport-classes-kqueue\4.1.77.Final\netty-transport-classes-kqueue-4.1.77.Final.jar;D:\repository\io\netty\netty-transport-native-epoll\4.1.77.Final\netty-transport-native-epoll-4.1.77.Final.jar;D:\repository\io\netty\netty-transport-native-kqueue\4.1.77.Final\netty-transport-native-kqueue-4.1.77.Final.jar;D:\repository\io\netty\netty-transport-native-unix-common\4.1.77.Final\netty-transport-native-unix-common-4.1.77.Final.jar;D:\repository\io\netty\netty-transport\4.1.77.Final\netty-transport-4.1.77.Final.jar;D:\repository\io\netty\netty-resolver\4.1.77.Final\netty-resolver-4.1.77.Final.jar;D:\repository\io\opentelemetry\opentelemetry-api\1.14.0\opentelemetry-api-1.14.0.jar;D:\repository\io\opentelemetry\opentelemetry-context\1.14.0\opentelemetry-context-1.14.0.jar;D:\repository\io\opentelemetry\opentelemetry-exporter-logging\1.14.0\opentelemetry-exporter-logging-1.14.0.jar;D:\repository\io\opentelemetry\opentelemetry-sdk-metrics\1.14.0\opentelemetry-sdk-metrics-1.14.0.jar;D:\repository\io\opentelemetry\opentelemetry-sdk-logs\1.14.0-alpha\opentelemetry-sdk-logs-1.14.0-alpha.jar;D:\repository\io\opentelemetry\opentelemetry-sdk-common\1.14.0\opentelemetry-sdk-common-1.14.0.jar;D:\repository\io\opentelemetry\opentelemetry-sdk-extension-autoconfigure-spi\1.14.0\opentelemetry-sdk-extension-autoconfigure-spi-1.14.0.jar;D:\repository\io\opentelemetry\opentelemetry-sdk-extension-autoconfigure\1.14.0-alpha\opentelemetry-sdk-extension-autoconfigure-1.14.0-alpha.jar;D:\repository\io\opentelemetry\opentelemetry-sdk-trace\1.14.0\opentelemetry-sdk-trace-1.14.0.jar;D:\repository\io\opentelemetry\opentelemetry-sdk\1.14.0\opentelemetry-sdk-1.14.0.jar;D:\repository\io\opentelemetry\opentelemetry-semconv\1.14.0-alpha\opentelemetry-semconv-1.14.0-alpha.jar;D:\repository\io\ous\jtoml\2.0.0\jtoml-2.0.0.jar;D:\repository\net\bytebuddy\byte-buddy\1.12.10\byte-buddy-1.12.10.jar;D:\repository\org\apache\commons\commons-exec\1.3\commons-exec-1.3.jar;D:\repository\org\asynchttpclient\async-http-client\2.12.3\async-http-client-2.12.3.jar;D:\repository\org\asynchttpclient\async-http-client-netty-utils\2.12.3\async-http-client-netty-utils-2.12.3.jar;D:\repository\io\netty\netty-codec-socks\4.1.60.Final\netty-codec-socks-4.1.60.Final.jar;D:\repository\io\netty\netty-handler-proxy\4.1.60.Final\netty-handler-proxy-4.1.60.Final.jar;D:\repository\io\netty\netty-transport-native-epoll\4.1.60.Final\netty-transport-native-epoll-4.1.60.Final-linux-x86_64.jar;D:\repository\io\netty\netty-transport-native-kqueue\4.1.60.Final\netty-transport-native-kqueue-4.1.60.Final-osx-x86_64.jar;D:\repository\org\reactivestreams\reactive-streams\1.0.3\reactive-streams-1.0.3.jar;D:\repository\com\typesafe\netty\netty-reactive-streams\2.0.4\netty-reactive-streams-2.0.4.jar;D:\repository\com\sun\activation\jakarta.activation\1.2.2\jakarta.activation-1.2.2.jar;D:\repository\org\seleniumhq\selenium\selenium-http\4.2.1\selenium-http-4.2.1.jar;D:\repository\dev\failsafe\failsafe\3.2.4\failsafe-3.2.4.jar;D:\repository\org\seleniumhq\selenium\selenium-safari-driver\4.2.1\selenium-safari-driver-4.2.1.jar;D:\repository\org\seleniumhq\selenium\selenium-support\4.2.1\selenium-support-4.2.1.jar;D:\repository\org\seleniumhq\selenium\selenium-api\4.2.1\selenium-api-4.2.1.jar;D:\repository\org\seleniumhq\selenium\selenium-firefox-driver\4.2.1\selenium-firefox-driver-4.2.1.jar;D:\repository\com\google\auto\service\auto-service-annotations\1.0.1\auto-service-annotations-1.0.1.jar;D:\repository\com\google\auto\service\auto-service\1.0.1\auto-service-1.0.1.jar;D:\repository\com\google\auto\auto-common\1.2\auto-common-1.2.jar;D:\repository\com\google\guava\guava\31.1-jre\guava-31.1-jre.jar;D:\repository\com\google\guava\failureaccess\1.0.1\failureaccess-1.0.1.jar;D:\repository\com\google\guava\listenablefuture\9999.0-empty-to-avoid-conflict-with-guava\listenablefuture-9999.0-empty-to-avoid-conflict-with-guava.jar;D:\repository\com\google\code\findbugs\jsr305\3.0.2\jsr305-3.0.2.jar;D:\repository\org\checkerframework\checker-qual\3.12.0\checker-qual-3.12.0.jar;D:\repository\com\google\errorprone\error_prone_annotations\2.11.0\error_prone_annotations-2.11.0.jar;D:\repository\com\google\j2objc\j2objc-annotations\1.3\j2objc-annotations-1.3.jar;D:\repository\org\seleniumhq\selenium\selenium-json\4.2.1\selenium-json-4.2.1.jar;D:\repository\org\seleniumhq\selenium\selenium-chrome-driver\4.2.1\selenium-chrome-driver-4.2.1.jar;D:\repository\org\seleniumhq\selenium\selenium-chromium-driver\4.2.1\selenium-chromium-driver-4.2.1.jar;D:\repository\com\google\code\gson\gson\2.9.0\gson-2.9.0.jar;D:\repository\javax\xml\bind\jaxb-api\2.4.0-b180830.0359\jaxb-api-2.4.0-b180830.0359.jar;D:\repository\javax\activation\javax.activation-api\1.2.0\javax.activation-api-1.2.0.jar;D:\repository\org\apache\httpcomponents\httpcore\4.4.15\httpcore-4.4.15.jar;D:\repository\commons-codec\commons-codec\1.15\commons-codec-1.15.jar;D:\repository\org\apache\httpcomponents\httpclient\4.5.13\httpclient-4.5.13.jar;D:\repository\commons-logging\commons-logging\1.2\commons-logging-1.2.jar;D:\repository\com\objectdb\objectdb\2.8.7\objectdb-2.8.7.jar;D:\repository\org\eclipse\persistence\javax.persistence\2.2.1\javax.persistence-2.2.1.jar;D:\repository\javax\transaction\jta\1.1\jta-1.1.jar;D:\repository\com\mpatric\mp3agic\0.9.1\mp3agic-0.9.1.jar;D:\repository\com\github\houbb\opencc4j\1.7.2\opencc4j-1.7.2.jar;D:\repository\com\github\houbb\heaven\0.1.154\heaven-0.1.154.jar;D:\repository\org\apiguardian\apiguardian-api\1.0.0\apiguardian-api-1.0.0.jar;D:\repository\com\github\houbb\nlp-common\0.0.4\nlp-common-0.0.4.jar;D:\repository\org\junit\jupiter\junit-jupiter\5.8.2\junit-jupiter-5.8.2.jar;D:\repository\org\junit\jupiter\junit-jupiter-api\5.8.2\junit-jupiter-api-5.8.2.jar;D:\repository\org\opentest4j\opentest4j\1.2.0\opentest4j-1.2.0.jar;D:\repository\org\junit\platform\junit-platform-commons\1.8.2\junit-platform-commons-1.8.2.jar;D:\repository\org\junit\jupiter\junit-jupiter-params\5.8.2\junit-jupiter-params-5.8.2.jar;D:\repository\org\junit\jupiter\junit-jupiter-engine\5.8.2\junit-jupiter-engine-5.8.2.jar;D:\repository\org\junit\platform\junit-platform-engine\1.8.2\junit-platform-engine-1.8.2.jar;"/>
    <property name="sun.cpu.endian" value="little"/>
    <property name="user.home" value="C:\Users\uih9fe"/>
    <property name="user.language" value="de"/>
    <property name="java.specification.vendor" value="Oracle Corporation"/>
    <property name="java.version.date" value="2021-10-19"/>
    <property name="java.home" value="C:\Program Files\jdk-17.0.1"/>
    <property name="file.separator" value="\"/>
    <property name="basedir" value="D:\Projects\collector"/>
    <property name="java.vm.compressedOopsMode" value="Zero based"/>
    <property name="line.separator" value="&#10;"/>
    <property name="java.vm.specification.vendor" value="Oracle Corporation"/>
    <property name="java.specification.name" value="Java Platform API Specification"/>
    <property name="surefire.real.class.path" value="C:\Users\uih9fe\AppData\Local\Temp\surefire5817651877621702659\surefirebooter9197671481451222306.jar"/>
    <property name="user.script" value=""/>
    <property name="sun.management.compiler" value="HotSpot 64-Bit Tiered Compilers"/>
    <property name="java.runtime.version" value="17.0.1+12-39"/>
    <property name="user.name" value="UIH9FE"/>
    <property name="path.separator" value=";"/>
    <property name="os.version" value="10.0"/>
    <property name="java.runtime.name" value="OpenJDK Runtime Environment"/>
    <property name="file.encoding" value="Cp1252"/>
    <property name="java.vm.name" value="OpenJDK 64-Bit Server VM"/>
    <property name="localRepository" value="D:\repository"/>
    <property name="java.vendor.url.bug" value="https://bugreport.java.com/bugreport/"/>
    <property name="java.io.tmpdir" value="C:\Users\uih9fe\AppData\Local\Temp\"/>
    <property name="idea.version" value="2022.1.3"/>
    <property name="java.version" value="17.0.1"/>
    <property name="user.dir" value="D:\Projects\collector"/>
    <property name="os.arch" value="amd64"/>
    <property name="java.vm.specification.name" value="Java Virtual Machine Specification"/>
    <property name="sun.os.patch.level" value=""/>
    <property name="native.encoding" value="Cp1252"/>
    <property name="java.library.path" value="C:\Program Files\jdk-17.0.1\bin;C:\WINDOWS\Sun\Java\bin;C:\WINDOWS\system32;C:\WINDOWS;C:\Program Files (x86)\Common Files\ETAS\3rdParty4.0\;C:\Program Files\Common Files\ETAS\3rdParty4.0\;C:\Program Files\Eclipse Foundation\jdk-11.0.12.7-hotspot\bin;C:\WINDOWS\system32;C:\WINDOWS;C:\WINDOWS\System32\Wbem;C:\WINDOWS\System32\WindowsPowerShell\v1.0\;C:\WINDOWS\System32\OpenSSH\;C:\Program Files\RedHat\java-1.8.0-openjdk\missioncontrol\;C:\Program Files\RedHat\java-1.8.0-openjdk\webstart\;C:\Program Files\RedHat\java-1.8.0-openjdk\bin;C:\Program Files\RedHat\java-1.8.0-openjdk\jre\bin;C:\Program Files\gs\gs9.21\bin;C:\Program Files\MiKTeX 2.9\miktex\bin\x64\;C:\Program Files (x86)\Windows Kits\10\Windows Performance Toolkit\;C:\Program Files\TortoiseSVN\bin;C:\Program Files (x86)\ETAS DMS;C:\Program Files (x86)\Lua\5.1;C:\Program Files (x86)\Lua\5.1\clibs;C:\Program Files (x86)\Microsoft SDKs\TypeScript\1.0\;C:\Program Files (x86)\Microsoft Team Foundation Server 2013 Power Tools\;C:\Program Files (x86)\Microsoft Team Foundation Server 2013 Power Tools\Best Practices Analyzer\;C:\Program Files (x86)\IVI Foundation\VISA\WinNT\Bin\;C:\Program Files\IVI Foundation\VISA\Win64\Bin\;D:\ATE-Tools\Common\DLL\;C:\Program Files\Git\cmd;C:\Users\uih9fe\AppData\Local\Programs\Python\Python39;C:\Users\uih9fe\AppData\Local\Programs\Python\Python39\Scripts;C:\Program Files (x86)\IVI Foundation\IVI\bin;C:\Program Files\IVI Foundation\IVI\bin;C:\Program Files (x86)\National Instruments\Shared\LabVIEW CLI;C:\Program Files (x86)\IVI Foundation\VISA\WinNT\ktvisa;C:\Program Files (x86)\IVI Foundation\VISA\winnt\agvisa;C:\Program Files (x86)\Common Files\ETAS\ETASShared12\CalculatedSignals;C:\Program Files\jdk-17.0.1\bin;C:\msys64\mingw64\bin;C:\Program Files\CMake\bin;C:\Program Files\7-Zip;C:\Program Files\Git\bin;D:\downloads\apache-maven-3.8.5-bin\apache-maven-3.8.5\bin;C:\Program Files\dotnet\;C:\Program Files\PowerShell\7\;C:\Program Files\Anaconda3\condabin;C:\Program Files\PuTTY\;C:\Program Files (x86)\RedHat\java-1.8.0-openjdk\webstart\;C:\Program Files (x86)\RedHat\java-1.8.0-openjdk\bin;C:\Program Files (x86)\RedHat\java-1.8.0-openjdk\jre\bin;C:\Users\uih9fe\.cargo\bin;C:\Users\uih9fe\AppData\Local\Microsoft\WindowsApps;C:\Users\uih9fe\AppData\Local\atom\bin;C:\Program Files\JetBrains\IntelliJ IDEA Community Edition 2021.2.1\bin;;C:\Users\uih9fe\AppData\Local\Programs\Microsoft VS Code\bin;C:\Users\uih9fe\AppData\Local\Microsoft\WindowsApps;;."/>
    <property name="java.vm.info" value="mixed mode, sharing"/>
    <property name="java.vendor" value="Oracle Corporation"/>
    <property name="java.vm.version" value="17.0.1+12-39"/>
    <property name="sun.io.unicode.encoding" value="UnicodeLittle"/>
    <property name="maven.repo.local" value="D:\repository"/>
    <property name="java.class.version" value="61.0"/>
  </properties>
  <testcase name="testLoadProperties" classname="SettingControllerTest" time="0.015"/>
</testsuite>